   1              		.cpu cortex-m4
   2              		.eabi_attribute 27, 1
   3              		.eabi_attribute 28, 1
   4              		.eabi_attribute 20, 1
   5              		.eabi_attribute 21, 1
   6              		.eabi_attribute 23, 3
   7              		.eabi_attribute 24, 1
   8              		.eabi_attribute 25, 1
   9              		.eabi_attribute 26, 1
  10              		.eabi_attribute 30, 4
  11              		.eabi_attribute 34, 1
  12              		.eabi_attribute 18, 4
  13              		.file	"stm32f4_sysmem.c"
  14              		.text
  15              	.Ltext0:
  16              		.cfi_sections	.debug_frame
  17              		.section	.text._sbrk,"ax",%progbits
  18              		.align	1
  19              		.global	_sbrk
  20              		.syntax unified
  21              		.thumb
  22              		.thumb_func
  23              		.fpu fpv4-sp-d16
  25              	_sbrk:
  26              	.LFB1:
  27              		.file 1 ".././hal/stm32f4/stm32f4_sysmem.c"
   1:.././hal/stm32f4/stm32f4_sysmem.c **** /**
   2:.././hal/stm32f4/stm32f4_sysmem.c **** *****************************************************************************
   3:.././hal/stm32f4/stm32f4_sysmem.c **** **
   4:.././hal/stm32f4/stm32f4_sysmem.c **** **  File        : sysmem.c
   5:.././hal/stm32f4/stm32f4_sysmem.c **** **
   6:.././hal/stm32f4/stm32f4_sysmem.c **** **  Author	    : Ac6
   7:.././hal/stm32f4/stm32f4_sysmem.c **** **
   8:.././hal/stm32f4/stm32f4_sysmem.c **** **  Abstract    : System Workbench Minimal System Memory calls file
   9:.././hal/stm32f4/stm32f4_sysmem.c **** **
  10:.././hal/stm32f4/stm32f4_sysmem.c **** ** 		          For more information about which c-functions
  11:.././hal/stm32f4/stm32f4_sysmem.c **** **                need which of these lowlevel functions
  12:.././hal/stm32f4/stm32f4_sysmem.c **** **                please consult the Newlib libc-manual
  13:.././hal/stm32f4/stm32f4_sysmem.c **** **
  14:.././hal/stm32f4/stm32f4_sysmem.c **** **  Environment : System Workbench for MCU
  15:.././hal/stm32f4/stm32f4_sysmem.c **** **
  16:.././hal/stm32f4/stm32f4_sysmem.c **** **  Distribution: The file is distributed “as is,” without any warranty
  17:.././hal/stm32f4/stm32f4_sysmem.c **** **                of any kind.
  18:.././hal/stm32f4/stm32f4_sysmem.c **** **
  19:.././hal/stm32f4/stm32f4_sysmem.c **** *****************************************************************************
  20:.././hal/stm32f4/stm32f4_sysmem.c **** **
  21:.././hal/stm32f4/stm32f4_sysmem.c **** ** <h2><center>&copy; COPYRIGHT(c) 2014 Ac6</center></h2>
  22:.././hal/stm32f4/stm32f4_sysmem.c **** **
  23:.././hal/stm32f4/stm32f4_sysmem.c **** ** Redistribution and use in source and binary forms, with or without modification,
  24:.././hal/stm32f4/stm32f4_sysmem.c **** ** are permitted provided that the following conditions are met:
  25:.././hal/stm32f4/stm32f4_sysmem.c **** **   1. Redistributions of source code must retain the above copyright notice,
  26:.././hal/stm32f4/stm32f4_sysmem.c **** **      this list of conditions and the following disclaimer.
  27:.././hal/stm32f4/stm32f4_sysmem.c **** **   2. Redistributions in binary form must reproduce the above copyright notice,
  28:.././hal/stm32f4/stm32f4_sysmem.c **** **      this list of conditions and the following disclaimer in the documentation
  29:.././hal/stm32f4/stm32f4_sysmem.c **** **      and/or other materials provided with the distribution.
  30:.././hal/stm32f4/stm32f4_sysmem.c **** **   3. Neither the name of Ac6 nor the names of its contributors
  31:.././hal/stm32f4/stm32f4_sysmem.c **** **      may be used to endorse or promote products derived from this software
  32:.././hal/stm32f4/stm32f4_sysmem.c **** **      without specific prior written permission.
  33:.././hal/stm32f4/stm32f4_sysmem.c **** **
  34:.././hal/stm32f4/stm32f4_sysmem.c **** ** THIS SOFTWARE IS PROVIDED BY THE COPYRIGHT HOLDERS AND CONTRIBUTORS "AS IS"
  35:.././hal/stm32f4/stm32f4_sysmem.c **** ** AND ANY EXPRESS OR IMPLIED WARRANTIES, INCLUDING, BUT NOT LIMITED TO, THE
  36:.././hal/stm32f4/stm32f4_sysmem.c **** ** IMPLIED WARRANTIES OF MERCHANTABILITY AND FITNESS FOR A PARTICULAR PURPOSE ARE
  37:.././hal/stm32f4/stm32f4_sysmem.c **** ** DISCLAIMED. IN NO EVENT SHALL THE COPYRIGHT HOLDER OR CONTRIBUTORS BE LIABLE
  38:.././hal/stm32f4/stm32f4_sysmem.c **** ** FOR ANY DIRECT, INDIRECT, INCIDENTAL, SPECIAL, EXEMPLARY, OR CONSEQUENTIAL
  39:.././hal/stm32f4/stm32f4_sysmem.c **** ** DAMAGES (INCLUDING, BUT NOT LIMITED TO, PROCUREMENT OF SUBSTITUTE GOODS OR
  40:.././hal/stm32f4/stm32f4_sysmem.c **** ** SERVICES; LOSS OF USE, DATA, OR PROFITS; OR BUSINESS INTERRUPTION) HOWEVER
  41:.././hal/stm32f4/stm32f4_sysmem.c **** ** CAUSED AND ON ANY THEORY OF LIABILITY, WHETHER IN CONTRACT, STRICT LIABILITY,
  42:.././hal/stm32f4/stm32f4_sysmem.c **** ** OR TORT (INCLUDING NEGLIGENCE OR OTHERWISE) ARISING IN ANY WAY OUT OF THE USE
  43:.././hal/stm32f4/stm32f4_sysmem.c **** ** OF THIS SOFTWARE, EVEN IF ADVISED OF THE POSSIBILITY OF SUCH DAMAGE.
  44:.././hal/stm32f4/stm32f4_sysmem.c **** **
  45:.././hal/stm32f4/stm32f4_sysmem.c **** *****************************************************************************
  46:.././hal/stm32f4/stm32f4_sysmem.c **** */
  47:.././hal/stm32f4/stm32f4_sysmem.c **** 
  48:.././hal/stm32f4/stm32f4_sysmem.c **** /* Includes */
  49:.././hal/stm32f4/stm32f4_sysmem.c **** #include <errno.h>
  50:.././hal/stm32f4/stm32f4_sysmem.c **** #include <stdio.h>
  51:.././hal/stm32f4/stm32f4_sysmem.c **** 
  52:.././hal/stm32f4/stm32f4_sysmem.c **** /* Variables */
  53:.././hal/stm32f4/stm32f4_sysmem.c **** //Uncomment following if needed - commented out for now as not used and causes warning
  54:.././hal/stm32f4/stm32f4_sysmem.c **** //extern int errno;
  55:.././hal/stm32f4/stm32f4_sysmem.c **** register char * stack_ptr asm("sp");
  56:.././hal/stm32f4/stm32f4_sysmem.c **** 
  57:.././hal/stm32f4/stm32f4_sysmem.c **** /* Functions */
  58:.././hal/stm32f4/stm32f4_sysmem.c **** 
  59:.././hal/stm32f4/stm32f4_sysmem.c **** /**
  60:.././hal/stm32f4/stm32f4_sysmem.c ****  _sbrk
  61:.././hal/stm32f4/stm32f4_sysmem.c ****  Increase program data space. Malloc and related functions depend on this
  62:.././hal/stm32f4/stm32f4_sysmem.c **** **/
  63:.././hal/stm32f4/stm32f4_sysmem.c **** caddr_t _sbrk(int incr)
  64:.././hal/stm32f4/stm32f4_sysmem.c **** {
  28              		.loc 1 64 0
  29              		.cfi_startproc
  30              		@ args = 0, pretend = 0, frame = 0
  31              		@ frame_needed = 0, uses_anonymous_args = 0
  32              	.LVL0:
  33 0000 08B5     		push	{r3, lr}
  34              	.LCFI0:
  35              		.cfi_def_cfa_offset 8
  36              		.cfi_offset 3, -8
  37              		.cfi_offset 14, -4
  65:.././hal/stm32f4/stm32f4_sysmem.c **** 	extern char end asm("end");
  66:.././hal/stm32f4/stm32f4_sysmem.c **** 	static char *heap_end;
  67:.././hal/stm32f4/stm32f4_sysmem.c **** 	char *prev_heap_end;
  68:.././hal/stm32f4/stm32f4_sysmem.c **** 
  69:.././hal/stm32f4/stm32f4_sysmem.c **** 	if (heap_end == 0)
  38              		.loc 1 69 0
  39 0002 0A4B     		ldr	r3, .L5
  40 0004 1968     		ldr	r1, [r3]
  64:.././hal/stm32f4/stm32f4_sysmem.c **** 	extern char end asm("end");
  41              		.loc 1 64 0
  42 0006 0246     		mov	r2, r0
  43              		.loc 1 69 0
  44 0008 09B9     		cbnz	r1, .L2
  70:.././hal/stm32f4/stm32f4_sysmem.c **** 		heap_end = &end;
  45              		.loc 1 70 0
  46 000a 0949     		ldr	r1, .L5+4
  47 000c 1960     		str	r1, [r3]
  48              	.L2:
  71:.././hal/stm32f4/stm32f4_sysmem.c **** 
  72:.././hal/stm32f4/stm32f4_sysmem.c **** 	prev_heap_end = heap_end;
  49              		.loc 1 72 0
  50 000e 1868     		ldr	r0, [r3]
  51              	.LVL1:
  73:.././hal/stm32f4/stm32f4_sysmem.c **** 	if (heap_end + incr > stack_ptr)
  52              		.loc 1 73 0
  53 0010 6946     		mov	r1, sp
  54 0012 0244     		add	r2, r2, r0
  55              	.LVL2:
  56 0014 8A42     		cmp	r2, r1
  57 0016 06D9     		bls	.L3
  74:.././hal/stm32f4/stm32f4_sysmem.c **** 	{
  75:.././hal/stm32f4/stm32f4_sysmem.c **** 		errno = ENOMEM;
  58              		.loc 1 75 0
  59 0018 FFF7FEFF 		bl	__errno
  60              	.LVL3:
  61 001c 0C23     		movs	r3, #12
  62 001e 0360     		str	r3, [r0]
  76:.././hal/stm32f4/stm32f4_sysmem.c **** 		return (caddr_t) -1;
  63              		.loc 1 76 0
  64 0020 4FF0FF30 		mov	r0, #-1
  65 0024 08BD     		pop	{r3, pc}
  66              	.LVL4:
  67              	.L3:
  77:.././hal/stm32f4/stm32f4_sysmem.c **** 	}
  78:.././hal/stm32f4/stm32f4_sysmem.c **** 
  79:.././hal/stm32f4/stm32f4_sysmem.c **** 	heap_end += incr;
  68              		.loc 1 79 0
  69 0026 1A60     		str	r2, [r3]
  80:.././hal/stm32f4/stm32f4_sysmem.c **** 
  81:.././hal/stm32f4/stm32f4_sysmem.c **** 	return (caddr_t) prev_heap_end;
  82:.././hal/stm32f4/stm32f4_sysmem.c **** }
  70              		.loc 1 82 0
  71 0028 08BD     		pop	{r3, pc}
  72              	.L6:
  73 002a 00BF     		.align	2
  74              	.L5:
  75 002c 00000000 		.word	.LANCHOR0
  76 0030 00000000 		.word	end
  77              		.cfi_endproc
  78              	.LFE1:
  80              		.bss
  81              		.align	2
  82              		.set	.LANCHOR0,. + 0
  85              	heap_end.6232:
  86 0000 00000000 		.space	4
  87              		.text
  88              	.Letext0:
  89              		.file 2 "/usr/include/newlib/sys/lock.h"
  90              		.file 3 "/usr/include/newlib/sys/_types.h"
  91              		.file 4 "/usr/lib/gcc/arm-none-eabi/6.3.1/include/stddef.h"
  92              		.file 5 "/usr/include/newlib/sys/reent.h"
  93              		.file 6 "/usr/include/newlib/sys/errno.h"
  94              		.file 7 "/usr/include/newlib/sys/types.h"
DEFINED SYMBOLS
                            *ABS*:0000000000000000 stm32f4_sysmem.c
     /tmp/ccTlV2qS.s:18     .text._sbrk:0000000000000000 $t
     /tmp/ccTlV2qS.s:25     .text._sbrk:0000000000000000 _sbrk
     /tmp/ccTlV2qS.s:75     .text._sbrk:000000000000002c $d
     /tmp/ccTlV2qS.s:81     .bss:0000000000000000 $d
     /tmp/ccTlV2qS.s:85     .bss:0000000000000000 heap_end.6232
                     .debug_frame:0000000000000010 $d

UNDEFINED SYMBOLS
__errno
end
